<?xml version="1.0" encoding="UTF-8"?>
<!-- Generated by org.testng.reporters.JUnitXMLReporter -->
<testsuite ignored="1" hostname="Shravan" failures="0" tests="1" name="Default test" time="52.403" errors="0" timestamp="2024-05-31T17:44:23 IST">
  <testcase classname="com.AI.tests.GainerTest" name="getcompanynameandcurrencyprice" time="39.65"/>
  <testcase classname="com.AI.tests.GainerTest" name="gainerTest" time="0.0">
    <ignored/>
  </testcase> <!-- gainerTest -->
</testsuite> <!-- Default test -->
