<?xml version="1.0" encoding="UTF-8"?>
<!-- Generated by org.testng.reporters.JUnitXMLReporter -->
<testsuite ignored="3" hostname="Shravan" failures="0" tests="1" name="Default test" time="20.02" errors="0" timestamp="2024-05-21T20:01:38 IST">
  <testcase classname="com.AI.tests.InternetTest" name="checkboxes" time="0.697"/>
  <testcase classname="com.AI.tests.InternetTest" name="abtest" time="0.0">
    <ignored/>
  </testcase> <!-- abtest -->
  <testcase classname="com.AI.tests.InternetTest" name="dragNdrop" time="0.0">
    <ignored/>
  </testcase> <!-- dragNdrop -->
  <testcase classname="com.AI.tests.InternetTest" name="addelement" time="0.0">
    <ignored/>
  </testcase> <!-- addelement -->
</testsuite> <!-- Default test -->
