<?xml version="1.0" encoding="UTF-8"?>
<testng-results ignored="0" total="1" passed="1" failed="0" skipped="0">
  <reporter-output>
  </reporter-output>
  <suite started-at="2024-06-05T22:18:44 IST" name="Default suite" finished-at="2024-06-05T22:18:59 IST" duration-ms="14946">
    <groups>
    </groups>
    <test started-at="2024-06-05T22:18:44 IST" name="Default test" finished-at="2024-06-05T22:18:59 IST" duration-ms="14946">
      <class name="com.AI.tests.TD">
        <test-method is-config="true" signature="setUp()[pri:0, instance:com.AI.tests.TD@201a4587]" started-at="2024-06-05T22:18:44 IST" name="setUp" finished-at="2024-06-05T22:18:58 IST" duration-ms="13729" status="PASS">
          <reporter-output>
          </reporter-output>
        </test-method> <!-- setUp -->
        <test-method signature="getalllinks()[pri:0, instance:com.AI.tests.TD@201a4587]" started-at="2024-06-05T22:18:58 IST" name="getalllinks" finished-at="2024-06-05T22:18:58 IST" duration-ms="108" status="PASS">
          <reporter-output>
          </reporter-output>
        </test-method> <!-- getalllinks -->
        <test-method is-config="true" signature="tearDown()[pri:0, instance:com.AI.tests.TD@201a4587]" started-at="2024-06-05T22:18:58 IST" name="tearDown" finished-at="2024-06-05T22:18:59 IST" duration-ms="955" status="PASS">
          <reporter-output>
          </reporter-output>
        </test-method> <!-- tearDown -->
      </class> <!-- com.AI.tests.TD -->
    </test> <!-- Default test -->
  </suite> <!-- Default suite -->
</testng-results>
